<?xml version="1.0" encoding="utf-8"?><testsuites name="pytest tests"><testsuite name="pytest" errors="0" failures="0" skipped="0" tests="42" time="2.286" timestamp="2026-07-02T18:23:13.158957+00:00" hostname="agent-env-ff6f760e-2080-4af5-a765-bb544e49f973"><testcase classname="tests.test_noscript_removal" name="test_no_noscript_element[/]" time="1.496" /><testcase classname="tests.test_noscript_removal" name="test_no_noscript_element[/work]" time="0.000" /><testcase classname="tests.test_noscript_removal" name="test_no_noscript_element[/work/manufacturing-performance]" time="0.000" /><testcase classname="tests.test_noscript_removal" name="test_no_noscript_element[/work/medtech]" time="0.000" /><testcase classname="tests.test_noscript_removal" name="test_no_noscript_element[/about]" time="0.000" /><testcase classname="tests.test_noscript_removal" name="test_no_noscript_element[/about/discernment]" time="0.000" /><testcase classname="tests.test_noscript_removal" name="test_no_noscript_element[/writing]" time="0.000" /><testcase classname="tests.test_noscript_removal" name="test_no_noscript_element[/writing/wrap-rage]" time="0.000" /><testcase classname="tests.test_noscript_removal" name="test_no_noscript_element[/writing/marketing-writes-checks-operations-cant-cash]" time="0.000" /><testcase classname="tests.test_noscript_removal" name="test_no_noscript_element[/writing/one-company-that-got-it-right]" time="0.000" /><testcase classname="tests.test_noscript_removal" name="test_no_noscript_element[/writing/ai-hasnt-made-marketing-cheaper]" time="0.000" /><testcase classname="tests.test_noscript_removal" name="test_no_noscript_element[/connect]" time="0.000" /><testcase classname="tests.test_noscript_removal" name="test_no_enable_javascript_text[/]" time="0.000" /><testcase classname="tests.test_noscript_removal" name="test_no_enable_javascript_text[/work]" time="0.000" /><testcase classname="tests.test_noscript_removal" name="test_no_enable_javascript_text[/work/manufacturing-performance]" time="0.000" /><testcase classname="tests.test_noscript_removal" name="test_no_enable_javascript_text[/work/medtech]" time="0.000" /><testcase classname="tests.test_noscript_removal" name="test_no_enable_javascript_text[/about]" time="0.000" /><testcase classname="tests.test_noscript_removal" name="test_no_enable_javascript_text[/about/discernment]" time="0.000" /><testcase classname="tests.test_noscript_removal" name="test_no_enable_javascript_text[/writing]" time="0.000" /><testcase classname="tests.test_noscript_removal" name="test_no_enable_javascript_text[/writing/wrap-rage]" time="0.000" /><testcase classname="tests.test_noscript_removal" name="test_no_enable_javascript_text[/writing/marketing-writes-checks-operations-cant-cash]" time="0.000" /><testcase classname="tests.test_noscript_removal" name="test_no_enable_javascript_text[/writing/one-company-that-got-it-right]" time="0.000" /><testcase classname="tests.test_noscript_removal" name="test_no_enable_javascript_text[/writing/ai-hasnt-made-marketing-cheaper]" time="0.000" /><testcase classname="tests.test_noscript_removal" name="test_no_enable_javascript_text[/connect]" time="0.000" /><testcase classname="tests.test_noscript_removal" name="test_body_start_wrap_rage" time="0.000" /><testcase classname="tests.test_noscript_removal" name="test_wrap_rage_ssg_content" time="0.000" /><testcase classname="tests.test_noscript_removal" name="test_marketing_writes_checks_ssg" time="0.000" /><testcase classname="tests.test_noscript_removal" name="test_home_ssg" time="0.000" /><testcase classname="tests.test_noscript_removal" name="test_meta_tags_present[/]" time="0.000" /><testcase classname="tests.test_noscript_removal" name="test_meta_tags_present[/work]" time="0.000" /><testcase classname="tests.test_noscript_removal" name="test_meta_tags_present[/work/manufacturing-performance]" time="0.000" /><testcase classname="tests.test_noscript_removal" name="test_meta_tags_present[/work/medtech]" time="0.000" /><testcase classname="tests.test_noscript_removal" name="test_meta_tags_present[/about]" time="0.000" /><testcase classname="tests.test_noscript_removal" name="test_meta_tags_present[/about/discernment]" time="0.000" /><testcase classname="tests.test_noscript_removal" name="test_meta_tags_present[/writing]" time="0.000" /><testcase classname="tests.test_noscript_removal" name="test_meta_tags_present[/writing/wrap-rage]" time="0.000" /><testcase classname="tests.test_noscript_removal" name="test_meta_tags_present[/writing/marketing-writes-checks-operations-cant-cash]" time="0.000" /><testcase classname="tests.test_noscript_removal" name="test_meta_tags_present[/writing/one-company-that-got-it-right]" time="0.000" /><testcase classname="tests.test_noscript_removal" name="test_meta_tags_present[/writing/ai-hasnt-made-marketing-cheaper]" time="0.000" /><testcase classname="tests.test_noscript_removal" name="test_meta_tags_present[/connect]" time="0.000" /><testcase classname="tests.test_noscript_removal" name="test_titles_route_specific" time="0.000" /><testcase classname="tests.test_noscript_removal" name="test_netlify_wrap_rage" time="0.153" /></testsuite></testsuites>