<?xml version="1.0" encoding="utf-8"?><testsuites name="pytest tests"><testsuite name="pytest" errors="0" failures="0" skipped="0" tests="37" time="5.316" timestamp="2026-07-02T19:08:30.092560+00:00" hostname="agent-env-ff6f760e-2080-4af5-a765-bb544e49f973"><testcase classname="tests.test_netlify_live.TestLiveOtherRoutes" name="test_route_status[/about]" time="0.451" /><testcase classname="tests.test_netlify_live.TestLiveNetlifyHome" name="test_home_status" time="0.259" /><testcase classname="tests.test_netlify_live.TestLiveNetlifyHome" name="test_home_hero_forty_years" time="0.000" /><testcase classname="tests.test_netlify_live.TestLiveNetlifyHome" name="test_home_footer_founded_2020" time="0.000" /><testcase classname="tests.test_netlify_live.TestLiveNetlifyHome" name="test_home_no_est_2020" time="0.000" /><testcase classname="tests.test_netlify_live.TestLiveNetlifyHome" name="test_home_no_nearly_forty" time="0.000" /><testcase classname="tests.test_netlify_live.TestLiveOtherRoutes" name="test_route_status[/work]" time="0.289" /><testcase classname="tests.test_netlify_live.TestGapSeriesEssay" name="test_status" time="0.227" /><testcase classname="tests.test_netlify_live.TestGapSeriesEssay" name="test_body_more_than_forty_years_in_marketing" time="0.000" /><testcase classname="tests.test_netlify_live.TestGapSeriesEssay" name="test_og_description_verbatim" time="0.001" /><testcase classname="tests.test_netlify_live.TestLivePreviewParity" name="test_parity[/-A strategic marketing practice more than forty years in the making.]" time="0.337" /><testcase classname="tests.test_netlify_live.TestLiveOtherRoutes" name="test_route_status[/writing]" time="0.309" /><testcase classname="tests.test_netlify_live.TestLivePreviewParity" name="test_parity[/-Founded 2020. More than forty years in the making.]" time="0.286" /><testcase classname="tests.test_netlify_live.TestLiveOtherRoutes" name="test_route_status[/connect]" time="0.291" /><testcase classname="tests.test_netlify_live.TestLivePreviewParity" name="test_parity[/writing/the-gap-series-introduction/-more than forty years in marketing]" time="0.259" /><testcase classname="tests.test_netlify_live.TestLiveOtherRoutes" name="test_route_status[/about/discernment]" time="0.320" /><testcase classname="tests.test_netlify_live.TestBernbachEssayTitle" name="test_title_restored" time="0.234" /><testcase classname="tests.test_netlify_live.TestDiscernmentPage" name="test_og_description_verbatim" time="0.106" /><testcase classname="tests.test_netlify_live.TestLiveOtherRoutes" name="test_route_status[/writing/the-gap-series-introduction]" time="0.153" /><testcase classname="tests.test_netlify_live.TestLiveOtherRoutes" name="test_route_footer[/about]" time="0.173" /><testcase classname="tests.test_netlify_live.TestLiveOtherRoutes" name="test_route_footer[/work]" time="0.162" /><testcase classname="tests.test_netlify_live.TestLiveOtherRoutes" name="test_route_footer[/writing]" time="0.168" /><testcase classname="tests.test_netlify_live.TestLiveOtherRoutes" name="test_route_footer[/connect]" time="0.179" /><testcase classname="tests.test_netlify_live.TestLiveOtherRoutes" name="test_route_footer[/about/discernment]" time="0.157" /><testcase classname="tests.test_netlify_live.TestLiveOtherRoutes" name="test_route_footer[/writing/the-gap-series-introduction]" time="0.153" /><testcase classname="tests.test_netlify_live.TestLiveOtherRoutes" name="test_route_no_est_2020[/about]" time="0.156" /><testcase classname="tests.test_netlify_live.TestLiveOtherRoutes" name="test_route_no_est_2020[/work]" time="0.165" /><testcase classname="tests.test_netlify_live.TestLiveOtherRoutes" name="test_route_no_est_2020[/writing]" time="0.161" /><testcase classname="tests.test_netlify_live.TestLiveOtherRoutes" name="test_route_no_est_2020[/connect]" time="0.150" /><testcase classname="tests.test_netlify_live.TestLiveOtherRoutes" name="test_route_no_est_2020[/about/discernment]" time="0.155" /><testcase classname="tests.test_netlify_live.TestLiveOtherRoutes" name="test_route_no_est_2020[/writing/the-gap-series-introduction]" time="0.163" /><testcase classname="tests.test_netlify_live.TestLiveOtherRoutes" name="test_route_no_nearly_forty[/about]" time="0.171" /><testcase classname="tests.test_netlify_live.TestLiveOtherRoutes" name="test_route_no_nearly_forty[/work]" time="0.153" /><testcase classname="tests.test_netlify_live.TestLiveOtherRoutes" name="test_route_no_nearly_forty[/writing]" time="0.163" /><testcase classname="tests.test_netlify_live.TestLiveOtherRoutes" name="test_route_no_nearly_forty[/connect]" time="0.167" /><testcase classname="tests.test_netlify_live.TestLiveOtherRoutes" name="test_route_no_nearly_forty[/about/discernment]" time="0.166" /><testcase classname="tests.test_netlify_live.TestLiveOtherRoutes" name="test_route_no_nearly_forty[/writing/the-gap-series-introduction]" time="0.156" /></testsuite></testsuites>