<?xml version="1.0" encoding="utf-8"?><testsuites name="pytest tests"><testsuite name="pytest" errors="0" failures="0" skipped="0" tests="74" time="4.651" timestamp="2026-07-02T17:57:28.796355+00:00" hostname="agent-env-ff6f760e-2080-4af5-a765-bb544e49f973"><testcase classname="tests.test_ssg" name="test_status_200[/]" time="1.341" /><testcase classname="tests.test_ssg" name="test_status_200[/work]" time="0.000" /><testcase classname="tests.test_ssg" name="test_status_200[/work/manufacturing-performance]" time="0.000" /><testcase classname="tests.test_ssg" name="test_status_200[/work/medtech]" time="0.000" /><testcase classname="tests.test_ssg" name="test_status_200[/about]" time="0.000" /><testcase classname="tests.test_ssg" name="test_status_200[/about/discernment]" time="0.000" /><testcase classname="tests.test_ssg" name="test_status_200[/writing]" time="0.000" /><testcase classname="tests.test_ssg" name="test_status_200[/writing/wrap-rage]" time="0.000" /><testcase classname="tests.test_ssg" name="test_status_200[/writing/marketing-writes-checks-operations-cant-cash]" time="0.000" /><testcase classname="tests.test_ssg" name="test_status_200[/writing/ai-hasnt-made-marketing-cheaper]" time="0.000" /><testcase classname="tests.test_ssg" name="test_status_200[/connect]" time="0.000" /><testcase classname="tests.test_ssg" name="test_root_has_children[/]" time="0.000" /><testcase classname="tests.test_ssg" name="test_root_has_children[/work]" time="0.000" /><testcase classname="tests.test_ssg" name="test_root_has_children[/work/manufacturing-performance]" time="0.000" /><testcase classname="tests.test_ssg" name="test_root_has_children[/work/medtech]" time="0.000" /><testcase classname="tests.test_ssg" name="test_root_has_children[/about]" time="0.000" /><testcase classname="tests.test_ssg" name="test_root_has_children[/about/discernment]" time="0.000" /><testcase classname="tests.test_ssg" name="test_root_has_children[/writing]" time="0.000" /><testcase classname="tests.test_ssg" name="test_root_has_children[/writing/wrap-rage]" time="0.000" /><testcase classname="tests.test_ssg" name="test_root_has_children[/writing/marketing-writes-checks-operations-cant-cash]" time="0.000" /><testcase classname="tests.test_ssg" name="test_root_has_children[/writing/ai-hasnt-made-marketing-cheaper]" time="0.000" /><testcase classname="tests.test_ssg" name="test_root_has_children[/connect]" time="0.000" /><testcase classname="tests.test_ssg" name="test_body_size_substantial[/]" time="0.000" /><testcase classname="tests.test_ssg" name="test_body_size_substantial[/work]" time="0.000" /><testcase classname="tests.test_ssg" name="test_body_size_substantial[/work/manufacturing-performance]" time="0.000" /><testcase classname="tests.test_ssg" name="test_body_size_substantial[/work/medtech]" time="0.000" /><testcase classname="tests.test_ssg" name="test_body_size_substantial[/about]" time="0.000" /><testcase classname="tests.test_ssg" name="test_body_size_substantial[/about/discernment]" time="0.000" /><testcase classname="tests.test_ssg" name="test_body_size_substantial[/writing]" time="0.000" /><testcase classname="tests.test_ssg" name="test_body_size_substantial[/writing/wrap-rage]" time="0.000" /><testcase classname="tests.test_ssg" name="test_body_size_substantial[/writing/marketing-writes-checks-operations-cant-cash]" time="0.000" /><testcase classname="tests.test_ssg" name="test_body_size_substantial[/writing/ai-hasnt-made-marketing-cheaper]" time="0.000" /><testcase classname="tests.test_ssg" name="test_body_size_substantial[/connect]" time="0.000" /><testcase classname="tests.test_ssg" name="test_has_title_tag[/]" time="0.000" /><testcase classname="tests.test_ssg" name="test_has_title_tag[/work]" time="0.000" /><testcase classname="tests.test_ssg" name="test_has_title_tag[/work/manufacturing-performance]" time="0.000" /><testcase classname="tests.test_ssg" name="test_has_title_tag[/work/medtech]" time="0.000" /><testcase classname="tests.test_ssg" name="test_has_title_tag[/about]" time="0.000" /><testcase classname="tests.test_ssg" name="test_has_title_tag[/about/discernment]" time="0.000" /><testcase classname="tests.test_ssg" name="test_has_title_tag[/writing]" time="0.000" /><testcase classname="tests.test_ssg" name="test_has_title_tag[/writing/wrap-rage]" time="0.000" /><testcase classname="tests.test_ssg" name="test_has_title_tag[/writing/marketing-writes-checks-operations-cant-cash]" time="0.000" /><testcase classname="tests.test_ssg" name="test_has_title_tag[/writing/ai-hasnt-made-marketing-cheaper]" time="0.000" /><testcase classname="tests.test_ssg" name="test_has_title_tag[/connect]" time="0.000" /><testcase classname="tests.test_ssg" name="test_og_meta_tags[/]" time="0.000" /><testcase classname="tests.test_ssg" name="test_og_meta_tags[/work]" time="0.000" /><testcase classname="tests.test_ssg" name="test_og_meta_tags[/work/manufacturing-performance]" time="0.000" /><testcase classname="tests.test_ssg" name="test_og_meta_tags[/work/medtech]" time="0.000" /><testcase classname="tests.test_ssg" name="test_og_meta_tags[/about]" time="0.000" /><testcase classname="tests.test_ssg" name="test_og_meta_tags[/about/discernment]" time="0.000" /><testcase classname="tests.test_ssg" name="test_og_meta_tags[/writing]" time="0.000" /><testcase classname="tests.test_ssg" name="test_og_meta_tags[/writing/wrap-rage]" time="0.000" /><testcase classname="tests.test_ssg" name="test_og_meta_tags[/writing/marketing-writes-checks-operations-cant-cash]" time="0.000" /><testcase classname="tests.test_ssg" name="test_og_meta_tags[/writing/ai-hasnt-made-marketing-cheaper]" time="0.000" /><testcase classname="tests.test_ssg" name="test_og_meta_tags[/connect]" time="0.000" /><testcase classname="tests.test_ssg" name="test_has_h1_or_meaningful_content[/]" time="0.001" /><testcase classname="tests.test_ssg" name="test_has_h1_or_meaningful_content[/work]" time="0.000" /><testcase classname="tests.test_ssg" name="test_has_h1_or_meaningful_content[/work/manufacturing-performance]" time="0.000" /><testcase classname="tests.test_ssg" name="test_has_h1_or_meaningful_content[/work/medtech]" time="0.000" /><testcase classname="tests.test_ssg" name="test_has_h1_or_meaningful_content[/about]" time="0.000" /><testcase classname="tests.test_ssg" name="test_has_h1_or_meaningful_content[/about/discernment]" time="0.001" /><testcase classname="tests.test_ssg" name="test_has_h1_or_meaningful_content[/writing]" time="0.001" /><testcase classname="tests.test_ssg" name="test_has_h1_or_meaningful_content[/writing/wrap-rage]" time="0.001" /><testcase classname="tests.test_ssg" name="test_has_h1_or_meaningful_content[/writing/marketing-writes-checks-operations-cant-cash]" time="0.001" /><testcase classname="tests.test_ssg" name="test_has_h1_or_meaningful_content[/writing/ai-hasnt-made-marketing-cheaper]" time="0.000" /><testcase classname="tests.test_ssg" name="test_has_h1_or_meaningful_content[/connect]" time="0.000" /><testcase classname="tests.test_ssg" name="test_unique_titles_per_route" time="0.000" /><testcase classname="tests.test_ssg" name="test_sitemap" time="0.133" /><testcase classname="tests.test_ssg" name="test_robots" time="0.101" /><testcase classname="tests.test_ssg" name="test_rss" time="0.105" /><testcase classname="tests.test_ssg" name="test_og_default_image" time="0.141" /><testcase classname="tests.test_ssg" name="test_css_and_js_assets_resolve" time="0.345" /><testcase classname="tests.test_ssg" name="test_route_specific_titles" time="0.530" /><testcase classname="tests.test_ssg" name="test_report_sizes" time="1.267" /></testsuite></testsuites>